  Vertex.cpp
c:\users\fabien\documents\staffs-uni\fabengine\fabengine\src\vertex.cpp(1): fatal error C1083: Impossible d'ouvrir le fichier include : 'DirectXComponentsPCH.h' : No such file or directory
  tinyxml2.cpp
c:\users\fabien\documents\staffs-uni\fabengine\fabengine\src\tinyxml2.cpp(24): fatal error C1083: Impossible d'ouvrir le fichier include : 'DirectXComponentsPCH.h' : No such file or directory
  Timer.cpp
c:\users\fabien\documents\staffs-uni\fabengine\fabengine\src\timer.cpp(1): fatal error C1083: Impossible d'ouvrir le fichier include : 'DirectXComponentsPCH.h' : No such file or directory
  ShaderManager.cpp
c:\users\fabien\documents\staffs-uni\fabengine\fabengine\src\shadermanager.cpp(1): fatal error C1083: Impossible d'ouvrir le fichier include : 'DirectXComponentsPCH.h' : No such file or directory
  Shader.cpp
c:\users\fabien\documents\staffs-uni\fabengine\fabengine\src\shader.cpp(1): fatal error C1083: Impossible d'ouvrir le fichier include : 'DirectXComponentsPCH.h' : No such file or directory
  SceneManager.cpp
c:\users\fabien\documents\staffs-uni\fabengine\fabengine\src\scenemanager.cpp(1): fatal error C1083: Impossible d'ouvrir le fichier include : 'DirectXComponentsPCH.h' : No such file or directory
  Pool.cpp
c:\users\fabien\documents\staffs-uni\fabengine\fabengine\src\pool.cpp(1): fatal error C1083: Impossible d'ouvrir le fichier include : 'DirectXComponentsPCH.h' : No such file or directory
  ParticleSystem.cpp
c:\users\fabien\documents\staffs-uni\fabengine\fabengine\src\particlesystem.cpp(1): fatal error C1083: Impossible d'ouvrir le fichier include : 'DirectXComponentsPCH.h' : No such file or directory
  ParticleManager.cpp
c:\users\fabien\documents\staffs-uni\fabengine\fabengine\src\particlemanager.cpp(1): fatal error C1083: Impossible d'ouvrir le fichier include : 'DirectXComponentsPCH.h' : No such file or directory
  Particle.cpp
c:\users\fabien\documents\staffs-uni\fabengine\fabengine\src\particle.cpp(1): fatal error C1083: Impossible d'ouvrir le fichier include : 'DirectXComponentsPCH.h' : No such file or directory
  ObjectFactory.cpp
c:\users\fabien\documents\staffs-uni\fabengine\fabengine\src\objectfactory.cpp(1): fatal error C1083: Impossible d'ouvrir le fichier include : 'DirectXComponentsPCH.h' : No such file or directory
  Object.cpp
c:\users\fabien\documents\staffs-uni\fabengine\fabengine\src\object.cpp(1): fatal error C1083: Impossible d'ouvrir le fichier include : 'DirectXComponentsPCH.h' : No such file or directory
  Mouse.cpp
c:\users\fabien\documents\staffs-uni\fabengine\fabengine\src\mouse.cpp(1): fatal error C1083: Impossible d'ouvrir le fichier include : 'DirectXComponentsPCH.h' : No such file or directory
  MeshManager.cpp
c:\users\fabien\documents\staffs-uni\fabengine\fabengine\src\meshmanager.cpp(1): fatal error C1083: Impossible d'ouvrir le fichier include : 'DirectXComponentsPCH.h' : No such file or directory
  MeshLoader.cpp
c:\users\fabien\documents\staffs-uni\fabengine\fabengine\src\meshloader.cpp(1): fatal error C1083: Impossible d'ouvrir le fichier include : 'DirectXComponentsPCH.h' : No such file or directory
  Main.cpp
c:\users\fabien\documents\staffs-uni\fabengine\fabengine\src\main.cpp(1): fatal error C1083: Impossible d'ouvrir le fichier include : 'DirectXComponentsPCH.h' : No such file or directory
  LightFactory.cpp
c:\users\fabien\documents\staffs-uni\fabengine\fabengine\src\lightfactory.cpp(1): fatal error C1083: Impossible d'ouvrir le fichier include : 'DirectXComponentsPCH.h' : No such file or directory
  Light.cpp
c:\users\fabien\documents\staffs-uni\fabengine\fabengine\src\light.cpp(1): fatal error C1083: Impossible d'ouvrir le fichier include : 'DirectXComponentsPCH.h' : No such file or directory
  Keyboard.cpp
c:\users\fabien\documents\staffs-uni\fabengine\fabengine\src\keyboard.cpp(1): fatal error C1083: Impossible d'ouvrir le fichier include : 'DirectXComponentsPCH.h' : No such file or directory
  IFactory.cpp
c:\users\fabien\documents\staffs-uni\fabengine\fabengine\src\ifactory.cpp(3): fatal error C1083: Impossible d'ouvrir le fichier include : 'DirectXComponentsPCH.h' : No such file or directory
  Génération de code en cours...
  Compilation en cours...
  IEntity.cpp
c:\users\fabien\documents\staffs-uni\fabengine\fabengine\src\ientity.cpp(1): fatal error C1083: Impossible d'ouvrir le fichier include : 'DirectXComponentsPCH.h' : No such file or directory
  IComponent.cpp
c:\users\fabien\documents\staffs-uni\fabengine\fabengine\src\icomponent.cpp(1): fatal error C1083: Impossible d'ouvrir le fichier include : 'DirectXComponentsPCH.h' : No such file or directory
  D3D11RenderSystem.cpp
c:\users\fabien\documents\staffs-uni\fabengine\fabengine\src\d3d11rendersystem.cpp(1): fatal error C1083: Impossible d'ouvrir le fichier include : 'DirectXComponentsPCH.h' : No such file or directory
  Camera.cpp
c:\users\fabien\documents\staffs-uni\fabengine\fabengine\src\camera.cpp(1): fatal error C1083: Impossible d'ouvrir le fichier include : 'DirectXComponentsPCH.h' : No such file or directory
  Application.cpp
c:\users\fabien\documents\staffs-uni\fabengine\fabengine\src\application.cpp(1): fatal error C1083: Impossible d'ouvrir le fichier include : 'DirectXComponentsPCH.h' : No such file or directory
  DirectXComponentsPCH.cpp
c:\users\fabien\documents\staffs-uni\fabengine\fabengine\inc\directxcomponentspch.cpp(1): fatal error C1083: Impossible d'ouvrir le fichier include : 'DirectXComponentsPCH.h' : No such file or directory
  Génération de code en cours...
