c:\users\fabien\documents\staffs-uni\fabengine\fabengine\debug\fabengined.pch
c:\users\fabien\documents\staffs-uni\fabengine\fabengine\debug\vc141.pdb
c:\users\fabien\documents\staffs-uni\fabengine\fabengine\debug\vc141.idb
c:\users\fabien\documents\staffs-uni\fabengine\fabengine\debug\directxcomponentspch.obj
c:\users\fabien\documents\staffs-uni\fabengine\fabengine\debug\ientity.obj
c:\users\fabien\documents\staffs-uni\fabengine\fabengine\debug\keyboard.obj
c:\users\fabien\documents\staffs-uni\fabengine\fabengine\debug\light.obj
c:\users\fabien\documents\staffs-uni\fabengine\fabengine\debug\main.obj
c:\users\fabien\documents\staffs-uni\fabengine\fabengine\debug\meshloader.obj
c:\users\fabien\documents\staffs-uni\fabengine\fabengine\debug\modelloader.obj
c:\users\fabien\documents\staffs-uni\fabengine\fabengine\debug\modelmanager.obj
c:\users\fabien\documents\staffs-uni\fabengine\fabengine\debug\model.obj
c:\users\fabien\documents\staffs-uni\fabengine\fabengine\debug\mouse.obj
c:\users\fabien\documents\staffs-uni\fabengine\fabengine\debug\mesh.obj
c:\users\fabien\documents\staffs-uni\fabengine\fabengine\debug\pointlight.obj
c:\users\fabien\documents\staffs-uni\fabengine\fabengine\debug\shader.obj
c:\users\fabien\documents\staffs-uni\fabengine\fabengine\debug\shadermanager.obj
c:\users\fabien\documents\staffs-uni\fabengine\fabengine\debug\spotlight.obj
c:\users\fabien\documents\staffs-uni\fabengine\fabengine\debug\texture.obj
c:\users\fabien\documents\staffs-uni\fabengine\fabengine\debug\texturemanager.obj
c:\users\fabien\documents\staffs-uni\fabengine\fabengine\debug\timer.obj
c:\users\fabien\documents\staffs-uni\fabengine\fabengine\debug\tinyxml2.obj
c:\users\fabien\documents\staffs-uni\fabengine\fabengine\debug\vectorhelper.obj
c:\users\fabien\documents\staffs-uni\fabengine\fabengine\debug\application.obj
c:\users\fabien\documents\staffs-uni\fabengine\fabengine\debug\blur.obj
c:\users\fabien\documents\staffs-uni\fabengine\fabengine\debug\camera.obj
c:\users\fabien\documents\staffs-uni\fabengine\fabengine\debug\filter.obj
c:\users\fabien\documents\staffs-uni\fabengine\fabengine\debug\d3d11rendersystem.obj
c:\users\fabien\documents\staffs-uni\fabengine\fabengine\debug\ddstextureloader.obj
c:\users\fabien\documents\staffs-uni\fabengine\fabengine\debug\directionallight.obj
c:\users\fabien\documents\staffs-uni\fabengine\fabengine\debug\fog.obj
c:\users\fabien\documents\staffs-uni\fabengine\fabengine\debug\frustum.obj
c:\users\fabien\documents\staffs-uni\fabengine\fabengine\debug\icomponent.obj
c:\users\fabien\documents\staffs-uni\fabengine\fabengine\debug\ieffect.obj
c:\users\fabien\documents\staffs-uni\fabengine\fabengine\debug\scenemanager.obj
c:\users\fabien\documents\staffs-uni\fabengine\fabengine\bin\default.cso
c:\users\fabien\documents\staffs-uni\fabengine\fabengine\bin\fabengined.exe
c:\users\fabien\documents\staffs-uni\fabengine\fabengine\bin\fabengined.ilk
c:\users\fabien\documents\staffs-uni\fabengine\fabengine\bin\fabengined.pdb
c:\users\fabien\documents\staffs-uni\fabengine\fabengine\debug\fabengine.res
c:\users\fabien\documents\staffs-uni\fabengine\fabengine\debug\fabengine.tlog\cl.command.1.tlog
c:\users\fabien\documents\staffs-uni\fabengine\fabengine\debug\fabengine.tlog\cl.read.1.tlog
c:\users\fabien\documents\staffs-uni\fabengine\fabengine\debug\fabengine.tlog\cl.write.1.tlog
c:\users\fabien\documents\staffs-uni\fabengine\fabengine\debug\fabengine.tlog\fabengine.write.1u.tlog
c:\users\fabien\documents\staffs-uni\fabengine\fabengine\debug\fabengine.tlog\fxc.command.1.tlog
c:\users\fabien\documents\staffs-uni\fabengine\fabengine\debug\fabengine.tlog\fxc.read.1.tlog
c:\users\fabien\documents\staffs-uni\fabengine\fabengine\debug\fabengine.tlog\fxc.write.1.tlog
c:\users\fabien\documents\staffs-uni\fabengine\fabengine\debug\fabengine.tlog\link.command.1.tlog
c:\users\fabien\documents\staffs-uni\fabengine\fabengine\debug\fabengine.tlog\link.read.1.tlog
c:\users\fabien\documents\staffs-uni\fabengine\fabengine\debug\fabengine.tlog\link.write.1.tlog
c:\users\fabien\documents\staffs-uni\fabengine\fabengine\debug\fabengine.tlog\rc.command.1.tlog
c:\users\fabien\documents\staffs-uni\fabengine\fabengine\debug\fabengine.tlog\rc.read.1.tlog
c:\users\fabien\documents\staffs-uni\fabengine\fabengine\debug\fabengine.tlog\rc.write.1.tlog
